2021-03-01 22:56:00,264 [Worker-1: Loading available Gradle versions] INFO  o.e.b.c.i.u.g.PublishedGradleVersions - Gradle version information cache is out-of-date. Trying to update.
2021-03-01 22:57:35,100 [Worker-6: Import Getting Started Content] INFO  o.e.m.c.i.l.LifecycleMappingFactory - Using org.eclipse.m2e.jdt.JarLifecycleMapping lifecycle mapping for MavenProject: com.example:usingMocks:0.0.1-SNAPSHOT @ D:\gerar\Documents\1 Escuela\6 Semestre Feb-Jun 2021\4 Pruebas de Software\Lab 3\usingMocks\pom.xml.
2021-03-01 22:57:38,687 [Worker-6: Import Getting Started Content] INFO  o.e.m.j.i.AbstractJavaProjectConfigurator - Adding source folder /usingMocks/src/main/java
2021-03-01 22:57:38,687 [Worker-6: Import Getting Started Content] INFO  o.e.m.j.i.AbstractJavaProjectConfigurator - Adding resource folder /usingMocks/src/main/resources
2021-03-01 22:57:38,700 [Worker-6: Import Getting Started Content] INFO  o.e.m.j.i.AbstractJavaProjectConfigurator - Adding resource folder /usingMocks/src/main/resources
2021-03-01 22:57:38,713 [Worker-6: Import Getting Started Content] INFO  o.e.m.j.i.AbstractJavaProjectConfigurator - Adding source folder /usingMocks/src/test/java
2021-03-01 22:57:40,995 [Worker-6: Import Getting Started Content] INFO  o.e.m.c.i.p.ProjectConfigurationManager - Imported and configured 1 project(s) in 10 sec
2021-03-01 22:57:40,997 [Worker-6: Import Getting Started Content] INFO  o.e.m.c.i.p.ProjectConfigurationManager - Update started
2021-03-01 22:57:41,576 [Worker-6: Import Getting Started Content] INFO  o.e.m.c.i.l.LifecycleMappingFactory - Using org.eclipse.m2e.jdt.JarLifecycleMapping lifecycle mapping for MavenProject: com.example:usingMocks:0.0.1-SNAPSHOT @ D:\gerar\Documents\1 Escuela\6 Semestre Feb-Jun 2021\4 Pruebas de Software\Lab 3\usingMocks\pom.xml.
2021-03-01 22:57:41,970 [Worker-6: Import Getting Started Content] INFO  o.e.m.j.i.AbstractJavaProjectConfigurator - Adding source folder /usingMocks/src/main/java
2021-03-01 22:57:41,970 [Worker-6: Import Getting Started Content] INFO  o.e.m.j.i.AbstractJavaProjectConfigurator - Adding resource folder /usingMocks/src/main/resources
2021-03-01 22:57:41,970 [Worker-6: Import Getting Started Content] INFO  o.e.m.j.i.AbstractJavaProjectConfigurator - Adding resource folder /usingMocks/src/main/resources
2021-03-01 22:57:41,971 [Worker-6: Import Getting Started Content] INFO  o.e.m.j.i.AbstractJavaProjectConfigurator - Adding source folder /usingMocks/src/test/java
2021-03-01 22:57:42,306 [Worker-6: Import Getting Started Content] INFO  o.e.m.c.i.p.ProjectConfigurationManager - Update completed: 1 sec
2021-03-01 22:57:43,031 [Worker-4: Building] INFO  o.e.m.c.i.embedder.EclipseLogger - Using 'UTF-8' encoding to copy filtered resources.
2021-03-01 22:57:43,031 [Worker-4: Building] INFO  o.e.m.c.i.embedder.EclipseLogger - Using 'UTF-8' encoding to copy filtered properties files.
2021-03-01 22:57:43,034 [Worker-4: Building] INFO  o.e.m.c.i.embedder.EclipseLogger - Copying 1 resource
2021-03-01 22:57:43,048 [Worker-4: Building] INFO  o.e.m.c.i.embedder.EclipseLogger - Copying 0 resource
2021-03-01 22:57:43,050 [Worker-4: Building] INFO  o.e.m.c.i.embedder.EclipseLogger - Using 'UTF-8' encoding to copy filtered resources.
2021-03-01 22:57:43,051 [Worker-4: Building] INFO  o.e.m.c.i.embedder.EclipseLogger - Using 'UTF-8' encoding to copy filtered properties files.
2021-03-01 22:57:43,051 [Worker-4: Building] INFO  o.e.m.c.i.embedder.EclipseLogger - skip non existing resourceDirectory D:\gerar\Documents\1 Escuela\6 Semestre Feb-Jun 2021\4 Pruebas de Software\Lab 3\usingMocks\src\test\resources
2021-03-01 22:59:45,142 [Worker-9: Building] INFO  o.e.m.c.i.l.LifecycleMappingFactory - Using org.eclipse.m2e.jdt.JarLifecycleMapping lifecycle mapping for MavenProject: com.example:usingMocks:0.0.1-SNAPSHOT @ D:\gerar\Documents\1 Escuela\6 Semestre Feb-Jun 2021\4 Pruebas de Software\Lab 3\usingMocks\pom.xml.
2021-03-01 22:59:45,476 [Worker-9: Building] INFO  o.e.m.c.i.embedder.EclipseLogger - Using 'UTF-8' encoding to copy filtered resources.
2021-03-01 22:59:45,476 [Worker-9: Building] INFO  o.e.m.c.i.embedder.EclipseLogger - Using 'UTF-8' encoding to copy filtered properties files.
2021-03-01 22:59:45,478 [Worker-9: Building] INFO  o.e.m.c.i.embedder.EclipseLogger - Copying 0 resource
2021-03-01 22:59:45,478 [Worker-9: Building] INFO  o.e.m.c.i.embedder.EclipseLogger - Copying 0 resource
2021-03-01 22:59:45,480 [Worker-9: Building] INFO  o.e.m.c.i.embedder.EclipseLogger - Using 'UTF-8' encoding to copy filtered resources.
2021-03-01 22:59:45,480 [Worker-9: Building] INFO  o.e.m.c.i.embedder.EclipseLogger - Using 'UTF-8' encoding to copy filtered properties files.
2021-03-01 22:59:45,480 [Worker-9: Building] INFO  o.e.m.c.i.embedder.EclipseLogger - skip non existing resourceDirectory D:\gerar\Documents\1 Escuela\6 Semestre Feb-Jun 2021\4 Pruebas de Software\Lab 3\usingMocks\src\test\resources
2021-03-01 22:59:47,072 [Worker-9: Building] INFO  o.e.m.c.i.embedder.EclipseLogger - Using 'UTF-8' encoding to copy filtered resources.
2021-03-01 22:59:47,072 [Worker-9: Building] INFO  o.e.m.c.i.embedder.EclipseLogger - Using 'UTF-8' encoding to copy filtered properties files.
2021-03-01 22:59:47,082 [Worker-9: Building] INFO  o.e.m.c.i.embedder.EclipseLogger - Copying 1 resource
2021-03-01 22:59:47,092 [Worker-9: Building] INFO  o.e.m.c.i.embedder.EclipseLogger - Copying 0 resource
2021-03-01 22:59:47,093 [Worker-9: Building] INFO  o.e.m.c.i.embedder.EclipseLogger - Using 'UTF-8' encoding to copy filtered resources.
2021-03-01 22:59:47,093 [Worker-9: Building] INFO  o.e.m.c.i.embedder.EclipseLogger - Using 'UTF-8' encoding to copy filtered properties files.
2021-03-01 22:59:47,093 [Worker-9: Building] INFO  o.e.m.c.i.embedder.EclipseLogger - skip non existing resourceDirectory D:\gerar\Documents\1 Escuela\6 Semestre Feb-Jun 2021\4 Pruebas de Software\Lab 3\usingMocks\src\test\resources
2021-03-01 22:59:56,861 [Worker-9: Building] INFO  o.e.m.c.i.l.LifecycleMappingFactory - Using org.eclipse.m2e.jdt.JarLifecycleMapping lifecycle mapping for MavenProject: com.example:usingMocks:0.0.1-SNAPSHOT @ D:\gerar\Documents\1 Escuela\6 Semestre Feb-Jun 2021\4 Pruebas de Software\Lab 3\usingMocks\pom.xml.
2021-03-01 22:59:57,211 [Worker-9: Building] INFO  o.e.m.c.i.embedder.EclipseLogger - Using 'UTF-8' encoding to copy filtered resources.
2021-03-01 22:59:57,211 [Worker-9: Building] INFO  o.e.m.c.i.embedder.EclipseLogger - Using 'UTF-8' encoding to copy filtered properties files.
2021-03-01 22:59:57,213 [Worker-9: Building] INFO  o.e.m.c.i.embedder.EclipseLogger - Copying 0 resource
2021-03-01 22:59:57,213 [Worker-9: Building] INFO  o.e.m.c.i.embedder.EclipseLogger - Copying 0 resource
2021-03-01 22:59:57,215 [Worker-9: Building] INFO  o.e.m.c.i.embedder.EclipseLogger - Using 'UTF-8' encoding to copy filtered resources.
2021-03-01 22:59:57,215 [Worker-9: Building] INFO  o.e.m.c.i.embedder.EclipseLogger - Using 'UTF-8' encoding to copy filtered properties files.
2021-03-01 22:59:57,215 [Worker-9: Building] INFO  o.e.m.c.i.embedder.EclipseLogger - skip non existing resourceDirectory D:\gerar\Documents\1 Escuela\6 Semestre Feb-Jun 2021\4 Pruebas de Software\Lab 3\usingMocks\src\test\resources
2021-03-01 23:05:09,403 [Worker-11: Building] INFO  o.e.m.c.i.embedder.EclipseLogger - Using 'UTF-8' encoding to copy filtered resources.
2021-03-01 23:05:09,404 [Worker-11: Building] INFO  o.e.m.c.i.embedder.EclipseLogger - Using 'UTF-8' encoding to copy filtered properties files.
2021-03-01 23:05:09,404 [Worker-11: Building] INFO  o.e.m.c.i.embedder.EclipseLogger - Copying 0 resource
2021-03-01 23:05:09,404 [Worker-11: Building] INFO  o.e.m.c.i.embedder.EclipseLogger - Copying 0 resource
2021-03-01 23:05:09,406 [Worker-11: Building] INFO  o.e.m.c.i.embedder.EclipseLogger - Using 'UTF-8' encoding to copy filtered resources.
2021-03-01 23:05:09,406 [Worker-11: Building] INFO  o.e.m.c.i.embedder.EclipseLogger - Using 'UTF-8' encoding to copy filtered properties files.
2021-03-01 23:05:09,406 [Worker-11: Building] INFO  o.e.m.c.i.embedder.EclipseLogger - skip non existing resourceDirectory D:\gerar\Documents\1 Escuela\6 Semestre Feb-Jun 2021\4 Pruebas de Software\Lab 3\usingMocks\src\test\resources
2021-03-01 23:15:51,584 [Worker-14: Launching Executing clean in D__gerar_Documents_1 Escuela_6 Semestre Feb-Jun 2021_4 Pruebas de Software_Lab 3_usingMocks] INFO  o.e.m.i.launch.MavenLaunchDelegate - D:\gerar\Documents\1 Escuela\6 Semestre Feb-Jun 2021\4 Pruebas de Software\Lab 3\usingMocks
2021-03-01 23:15:51,587 [Worker-14: Launching Executing clean in D__gerar_Documents_1 Escuela_6 Semestre Feb-Jun 2021_4 Pruebas de Software_Lab 3_usingMocks] INFO  o.e.m.i.launch.MavenLaunchDelegate -  mvn -Ppom.xml -B clean -Dstyle.color=always
2021-03-01 23:15:53,793 [Worker-17: Building] INFO  o.e.m.c.i.embedder.EclipseLogger - Using 'UTF-8' encoding to copy filtered resources.
2021-03-01 23:15:53,793 [Worker-17: Building] INFO  o.e.m.c.i.embedder.EclipseLogger - Using 'UTF-8' encoding to copy filtered properties files.
2021-03-01 23:15:53,794 [Worker-17: Building] INFO  o.e.m.c.i.embedder.EclipseLogger - Copying 1 resource
2021-03-01 23:15:53,804 [Worker-17: Building] INFO  o.e.m.c.i.embedder.EclipseLogger - Copying 0 resource
2021-03-01 23:15:53,805 [Worker-17: Building] INFO  o.e.m.c.i.embedder.EclipseLogger - Using 'UTF-8' encoding to copy filtered resources.
2021-03-01 23:15:53,805 [Worker-17: Building] INFO  o.e.m.c.i.embedder.EclipseLogger - Using 'UTF-8' encoding to copy filtered properties files.
2021-03-01 23:15:53,805 [Worker-17: Building] INFO  o.e.m.c.i.embedder.EclipseLogger - skip non existing resourceDirectory D:\gerar\Documents\1 Escuela\6 Semestre Feb-Jun 2021\4 Pruebas de Software\Lab 3\usingMocks\src\test\resources
2021-03-01 23:16:02,675 [Worker-17: Launching Executing install in D__gerar_Documents_1 Escuela_6 Semestre Feb-Jun 2021_4 Pruebas de Software_Lab 3_usingMocks] INFO  o.e.m.i.launch.MavenLaunchDelegate - D:\gerar\Documents\1 Escuela\6 Semestre Feb-Jun 2021\4 Pruebas de Software\Lab 3\usingMocks
2021-03-01 23:16:02,675 [Worker-17: Launching Executing install in D__gerar_Documents_1 Escuela_6 Semestre Feb-Jun 2021_4 Pruebas de Software_Lab 3_usingMocks] INFO  o.e.m.i.launch.MavenLaunchDelegate -  mvn -Ppom.xml -B install -Dstyle.color=always
2021-03-01 23:16:13,578 [Worker-19: Building] INFO  o.e.m.c.i.embedder.EclipseLogger - Using 'UTF-8' encoding to copy filtered resources.
2021-03-01 23:16:13,578 [Worker-19: Building] INFO  o.e.m.c.i.embedder.EclipseLogger - Using 'UTF-8' encoding to copy filtered properties files.
2021-03-01 23:16:13,579 [Worker-19: Building] INFO  o.e.m.c.i.embedder.EclipseLogger - Copying 1 resource
2021-03-01 23:16:13,581 [Worker-19: Building] INFO  o.e.m.c.i.embedder.EclipseLogger - Copying 0 resource
2021-03-01 23:16:13,582 [Worker-19: Building] INFO  o.e.m.c.i.embedder.EclipseLogger - Using 'UTF-8' encoding to copy filtered resources.
2021-03-01 23:16:13,582 [Worker-19: Building] INFO  o.e.m.c.i.embedder.EclipseLogger - Using 'UTF-8' encoding to copy filtered properties files.
2021-03-01 23:16:13,582 [Worker-19: Building] INFO  o.e.m.c.i.embedder.EclipseLogger - skip non existing resourceDirectory D:\gerar\Documents\1 Escuela\6 Semestre Feb-Jun 2021\4 Pruebas de Software\Lab 3\usingMocks\src\test\resources
2021-03-02 00:58:30,731 [Worker-3: Loading available Gradle versions] INFO  o.e.b.c.i.u.g.PublishedGradleVersions - Gradle version information cache is up-to-date. Trying to read.
2021-03-02 01:15:59,805 [Worker-13: Building] INFO  o.e.m.c.i.embedder.EclipseLogger - Using 'UTF-8' encoding to copy filtered resources.
2021-03-02 01:15:59,805 [Worker-13: Building] INFO  o.e.m.c.i.embedder.EclipseLogger - Using 'UTF-8' encoding to copy filtered properties files.
2021-03-02 01:15:59,809 [Worker-13: Building] INFO  o.e.m.c.i.embedder.EclipseLogger - Copying 1 resource
2021-03-02 01:15:59,832 [Worker-13: Building] INFO  o.e.m.c.i.embedder.EclipseLogger - Copying 0 resource
2021-03-02 01:15:59,835 [Worker-13: Building] INFO  o.e.m.c.i.embedder.EclipseLogger - Using 'UTF-8' encoding to copy filtered resources.
2021-03-02 01:15:59,835 [Worker-13: Building] INFO  o.e.m.c.i.embedder.EclipseLogger - Using 'UTF-8' encoding to copy filtered properties files.
2021-03-02 01:15:59,835 [Worker-13: Building] INFO  o.e.m.c.i.embedder.EclipseLogger - skip non existing resourceDirectory D:\gerar\Documents\1 Escuela\6 Semestre Feb-Jun 2021\4 Pruebas de Software\Lab 3\usingMocks\src\test\resources
2021-03-02 01:17:54,003 [Worker-12: Building] INFO  o.e.m.c.i.embedder.EclipseLogger - Using 'UTF-8' encoding to copy filtered resources.
2021-03-02 01:17:54,004 [Worker-12: Building] INFO  o.e.m.c.i.embedder.EclipseLogger - Using 'UTF-8' encoding to copy filtered properties files.
2021-03-02 01:17:54,006 [Worker-12: Building] INFO  o.e.m.c.i.embedder.EclipseLogger - Copying 0 resource
2021-03-02 01:17:54,006 [Worker-12: Building] INFO  o.e.m.c.i.embedder.EclipseLogger - Copying 0 resource
2021-03-02 01:17:54,008 [Worker-12: Building] INFO  o.e.m.c.i.embedder.EclipseLogger - Using 'UTF-8' encoding to copy filtered resources.
2021-03-02 01:17:54,008 [Worker-12: Building] INFO  o.e.m.c.i.embedder.EclipseLogger - Using 'UTF-8' encoding to copy filtered properties files.
2021-03-02 01:17:54,008 [Worker-12: Building] INFO  o.e.m.c.i.embedder.EclipseLogger - skip non existing resourceDirectory D:\gerar\Documents\1 Escuela\6 Semestre Feb-Jun 2021\4 Pruebas de Software\Lab 3\usingMocks\src\test\resources
2021-03-02 01:18:04,903 [Worker-12: Building] INFO  o.e.m.c.i.embedder.EclipseLogger - Using 'UTF-8' encoding to copy filtered resources.
2021-03-02 01:18:04,903 [Worker-12: Building] INFO  o.e.m.c.i.embedder.EclipseLogger - Using 'UTF-8' encoding to copy filtered properties files.
2021-03-02 01:18:04,903 [Worker-12: Building] INFO  o.e.m.c.i.embedder.EclipseLogger - Copying 0 resource
2021-03-02 01:18:04,903 [Worker-12: Building] INFO  o.e.m.c.i.embedder.EclipseLogger - Copying 0 resource
2021-03-02 01:18:04,904 [Worker-12: Building] INFO  o.e.m.c.i.embedder.EclipseLogger - Using 'UTF-8' encoding to copy filtered resources.
2021-03-02 01:18:04,905 [Worker-12: Building] INFO  o.e.m.c.i.embedder.EclipseLogger - Using 'UTF-8' encoding to copy filtered properties files.
2021-03-02 01:18:04,905 [Worker-12: Building] INFO  o.e.m.c.i.embedder.EclipseLogger - skip non existing resourceDirectory D:\gerar\Documents\1 Escuela\6 Semestre Feb-Jun 2021\4 Pruebas de Software\Lab 3\usingMocks\src\test\resources
2021-03-02 01:18:12,972 [Worker-7: Building] INFO  o.e.m.c.i.embedder.EclipseLogger - Using 'UTF-8' encoding to copy filtered resources.
2021-03-02 01:18:12,972 [Worker-7: Building] INFO  o.e.m.c.i.embedder.EclipseLogger - Using 'UTF-8' encoding to copy filtered properties files.
2021-03-02 01:18:12,972 [Worker-7: Building] INFO  o.e.m.c.i.embedder.EclipseLogger - Copying 0 resource
2021-03-02 01:18:12,972 [Worker-7: Building] INFO  o.e.m.c.i.embedder.EclipseLogger - Copying 0 resource
2021-03-02 01:18:12,973 [Worker-7: Building] INFO  o.e.m.c.i.embedder.EclipseLogger - Using 'UTF-8' encoding to copy filtered resources.
2021-03-02 01:18:12,973 [Worker-7: Building] INFO  o.e.m.c.i.embedder.EclipseLogger - Using 'UTF-8' encoding to copy filtered properties files.
2021-03-02 01:18:12,973 [Worker-7: Building] INFO  o.e.m.c.i.embedder.EclipseLogger - skip non existing resourceDirectory D:\gerar\Documents\1 Escuela\6 Semestre Feb-Jun 2021\4 Pruebas de Software\Lab 3\usingMocks\src\test\resources
2021-03-02 01:28:28,404 [Worker-10: Building] INFO  o.e.m.c.i.embedder.EclipseLogger - Using 'UTF-8' encoding to copy filtered resources.
2021-03-02 01:28:28,404 [Worker-10: Building] INFO  o.e.m.c.i.embedder.EclipseLogger - Using 'UTF-8' encoding to copy filtered properties files.
2021-03-02 01:28:28,404 [Worker-10: Building] INFO  o.e.m.c.i.embedder.EclipseLogger - Copying 0 resource
2021-03-02 01:28:28,404 [Worker-10: Building] INFO  o.e.m.c.i.embedder.EclipseLogger - Copying 0 resource
2021-03-02 01:28:28,406 [Worker-10: Building] INFO  o.e.m.c.i.embedder.EclipseLogger - Using 'UTF-8' encoding to copy filtered resources.
2021-03-02 01:28:28,406 [Worker-10: Building] INFO  o.e.m.c.i.embedder.EclipseLogger - Using 'UTF-8' encoding to copy filtered properties files.
2021-03-02 01:28:28,406 [Worker-10: Building] INFO  o.e.m.c.i.embedder.EclipseLogger - skip non existing resourceDirectory D:\gerar\Documents\1 Escuela\6 Semestre Feb-Jun 2021\4 Pruebas de Software\Lab 3\usingMocks\src\test\resources
2021-03-02 01:28:36,866 [Worker-10: Building] INFO  o.e.m.c.i.embedder.EclipseLogger - Using 'UTF-8' encoding to copy filtered resources.
2021-03-02 01:28:36,866 [Worker-10: Building] INFO  o.e.m.c.i.embedder.EclipseLogger - Using 'UTF-8' encoding to copy filtered properties files.
2021-03-02 01:28:36,867 [Worker-10: Building] INFO  o.e.m.c.i.embedder.EclipseLogger - Copying 0 resource
2021-03-02 01:28:36,867 [Worker-10: Building] INFO  o.e.m.c.i.embedder.EclipseLogger - Copying 0 resource
2021-03-02 01:28:36,868 [Worker-10: Building] INFO  o.e.m.c.i.embedder.EclipseLogger - Using 'UTF-8' encoding to copy filtered resources.
2021-03-02 01:28:36,868 [Worker-10: Building] INFO  o.e.m.c.i.embedder.EclipseLogger - Using 'UTF-8' encoding to copy filtered properties files.
2021-03-02 01:28:36,868 [Worker-10: Building] INFO  o.e.m.c.i.embedder.EclipseLogger - skip non existing resourceDirectory D:\gerar\Documents\1 Escuela\6 Semestre Feb-Jun 2021\4 Pruebas de Software\Lab 3\usingMocks\src\test\resources
2021-03-02 01:34:07,162 [Worker-22: Building] INFO  o.e.m.c.i.embedder.EclipseLogger - Using 'UTF-8' encoding to copy filtered resources.
2021-03-02 01:34:07,162 [Worker-22: Building] INFO  o.e.m.c.i.embedder.EclipseLogger - Using 'UTF-8' encoding to copy filtered properties files.
2021-03-02 01:34:07,162 [Worker-22: Building] INFO  o.e.m.c.i.embedder.EclipseLogger - Copying 0 resource
2021-03-02 01:34:07,162 [Worker-22: Building] INFO  o.e.m.c.i.embedder.EclipseLogger - Copying 0 resource
2021-03-02 01:34:07,164 [Worker-22: Building] INFO  o.e.m.c.i.embedder.EclipseLogger - Using 'UTF-8' encoding to copy filtered resources.
2021-03-02 01:34:07,164 [Worker-22: Building] INFO  o.e.m.c.i.embedder.EclipseLogger - Using 'UTF-8' encoding to copy filtered properties files.
2021-03-02 01:34:07,164 [Worker-22: Building] INFO  o.e.m.c.i.embedder.EclipseLogger - skip non existing resourceDirectory D:\gerar\Documents\1 Escuela\6 Semestre Feb-Jun 2021\4 Pruebas de Software\Lab 3\usingMocks\src\test\resources
2021-03-02 01:35:58,534 [Worker-24: Launching Executing test in D__gerar_Documents_1 Escuela_6 Semestre Feb-Jun 2021_4 Pruebas de Software_Lab 3_usingMocks] INFO  o.e.m.i.launch.MavenLaunchDelegate - D:\gerar\Documents\1 Escuela\6 Semestre Feb-Jun 2021\4 Pruebas de Software\Lab 3\usingMocks
2021-03-02 01:35:58,601 [Worker-24: Launching Executing test in D__gerar_Documents_1 Escuela_6 Semestre Feb-Jun 2021_4 Pruebas de Software_Lab 3_usingMocks] INFO  o.e.m.i.launch.MavenLaunchDelegate -  mvn -Ppom.xml -B test -Dstyle.color=always
2021-03-02 01:36:05,514 [Worker-23: Building] INFO  o.e.m.c.i.embedder.EclipseLogger - Using 'UTF-8' encoding to copy filtered resources.
2021-03-02 01:36:05,514 [Worker-23: Building] INFO  o.e.m.c.i.embedder.EclipseLogger - Using 'UTF-8' encoding to copy filtered properties files.
2021-03-02 01:36:05,514 [Worker-23: Building] INFO  o.e.m.c.i.embedder.EclipseLogger - Copying 0 resource
2021-03-02 01:36:05,514 [Worker-23: Building] INFO  o.e.m.c.i.embedder.EclipseLogger - Copying 0 resource
2021-03-02 01:36:05,518 [Worker-23: Building] INFO  o.e.m.c.i.embedder.EclipseLogger - Using 'UTF-8' encoding to copy filtered resources.
2021-03-02 01:36:05,518 [Worker-23: Building] INFO  o.e.m.c.i.embedder.EclipseLogger - Using 'UTF-8' encoding to copy filtered properties files.
2021-03-02 01:36:05,518 [Worker-23: Building] INFO  o.e.m.c.i.embedder.EclipseLogger - skip non existing resourceDirectory D:\gerar\Documents\1 Escuela\6 Semestre Feb-Jun 2021\4 Pruebas de Software\Lab 3\usingMocks\src\test\resources
2021-03-02 01:36:19,514 [Worker-23: Launching Executing test in D__gerar_Documents_1 Escuela_6 Semestre Feb-Jun 2021_4 Pruebas de Software_Lab 3_usingMocks] INFO  o.e.m.i.launch.MavenLaunchDelegate - D:\gerar\Documents\1 Escuela\6 Semestre Feb-Jun 2021\4 Pruebas de Software\Lab 3\usingMocks
2021-03-02 01:36:19,515 [Worker-23: Launching Executing test in D__gerar_Documents_1 Escuela_6 Semestre Feb-Jun 2021_4 Pruebas de Software_Lab 3_usingMocks] INFO  o.e.m.i.launch.MavenLaunchDelegate -  mvn -Ppom.xml -B test -Dstyle.color=always
2021-03-02 01:36:24,345 [Worker-27: Building] INFO  o.e.m.c.i.embedder.EclipseLogger - Using 'UTF-8' encoding to copy filtered resources.
2021-03-02 01:36:24,345 [Worker-27: Building] INFO  o.e.m.c.i.embedder.EclipseLogger - Using 'UTF-8' encoding to copy filtered properties files.
2021-03-02 01:36:24,345 [Worker-27: Building] INFO  o.e.m.c.i.embedder.EclipseLogger - Copying 0 resource
2021-03-02 01:36:24,345 [Worker-27: Building] INFO  o.e.m.c.i.embedder.EclipseLogger - Copying 0 resource
2021-03-02 01:36:24,346 [Worker-27: Building] INFO  o.e.m.c.i.embedder.EclipseLogger - Using 'UTF-8' encoding to copy filtered resources.
2021-03-02 01:36:24,346 [Worker-27: Building] INFO  o.e.m.c.i.embedder.EclipseLogger - Using 'UTF-8' encoding to copy filtered properties files.
2021-03-02 01:36:24,346 [Worker-27: Building] INFO  o.e.m.c.i.embedder.EclipseLogger - skip non existing resourceDirectory D:\gerar\Documents\1 Escuela\6 Semestre Feb-Jun 2021\4 Pruebas de Software\Lab 3\usingMocks\src\test\resources
2021-03-02 01:45:29,039 [Worker-30: Building] INFO  o.e.m.c.i.embedder.EclipseLogger - Using 'UTF-8' encoding to copy filtered resources.
2021-03-02 01:45:29,039 [Worker-30: Building] INFO  o.e.m.c.i.embedder.EclipseLogger - Using 'UTF-8' encoding to copy filtered properties files.
2021-03-02 01:45:29,039 [Worker-30: Building] INFO  o.e.m.c.i.embedder.EclipseLogger - Copying 0 resource
2021-03-02 01:45:29,039 [Worker-30: Building] INFO  o.e.m.c.i.embedder.EclipseLogger - Copying 0 resource
2021-03-02 01:45:29,040 [Worker-30: Building] INFO  o.e.m.c.i.embedder.EclipseLogger - Using 'UTF-8' encoding to copy filtered resources.
2021-03-02 01:45:29,040 [Worker-30: Building] INFO  o.e.m.c.i.embedder.EclipseLogger - Using 'UTF-8' encoding to copy filtered properties files.
2021-03-02 01:45:29,040 [Worker-30: Building] INFO  o.e.m.c.i.embedder.EclipseLogger - skip non existing resourceDirectory D:\gerar\Documents\1 Escuela\6 Semestre Feb-Jun 2021\4 Pruebas de Software\Lab 3\usingMocks\src\test\resources
2021-03-02 01:46:02,179 [Worker-27: Building] INFO  o.e.m.c.i.embedder.EclipseLogger - Using 'UTF-8' encoding to copy filtered resources.
2021-03-02 01:46:02,179 [Worker-27: Building] INFO  o.e.m.c.i.embedder.EclipseLogger - Using 'UTF-8' encoding to copy filtered properties files.
2021-03-02 01:46:02,179 [Worker-27: Building] INFO  o.e.m.c.i.embedder.EclipseLogger - Copying 0 resource
2021-03-02 01:46:02,179 [Worker-27: Building] INFO  o.e.m.c.i.embedder.EclipseLogger - Copying 0 resource
2021-03-02 01:46:02,180 [Worker-27: Building] INFO  o.e.m.c.i.embedder.EclipseLogger - Using 'UTF-8' encoding to copy filtered resources.
2021-03-02 01:46:02,180 [Worker-27: Building] INFO  o.e.m.c.i.embedder.EclipseLogger - Using 'UTF-8' encoding to copy filtered properties files.
2021-03-02 01:46:02,180 [Worker-27: Building] INFO  o.e.m.c.i.embedder.EclipseLogger - skip non existing resourceDirectory D:\gerar\Documents\1 Escuela\6 Semestre Feb-Jun 2021\4 Pruebas de Software\Lab 3\usingMocks\src\test\resources
2021-03-02 01:48:20,099 [Worker-33: Launching Executing test in D__gerar_Documents_1 Escuela_6 Semestre Feb-Jun 2021_4 Pruebas de Software_Lab 3_usingMocks] INFO  o.e.m.i.launch.MavenLaunchDelegate - D:\gerar\Documents\1 Escuela\6 Semestre Feb-Jun 2021\4 Pruebas de Software\Lab 3\usingMocks
2021-03-02 01:48:20,099 [Worker-33: Launching Executing test in D__gerar_Documents_1 Escuela_6 Semestre Feb-Jun 2021_4 Pruebas de Software_Lab 3_usingMocks] INFO  o.e.m.i.launch.MavenLaunchDelegate -  mvn -Ppom.xml -B test -Dstyle.color=always
2021-03-02 01:48:25,065 [Worker-34: Building] INFO  o.e.m.c.i.embedder.EclipseLogger - Using 'UTF-8' encoding to copy filtered resources.
2021-03-02 01:48:25,065 [Worker-34: Building] INFO  o.e.m.c.i.embedder.EclipseLogger - Using 'UTF-8' encoding to copy filtered properties files.
2021-03-02 01:48:25,065 [Worker-34: Building] INFO  o.e.m.c.i.embedder.EclipseLogger - Copying 0 resource
2021-03-02 01:48:25,065 [Worker-34: Building] INFO  o.e.m.c.i.embedder.EclipseLogger - Copying 0 resource
2021-03-02 01:48:25,066 [Worker-34: Building] INFO  o.e.m.c.i.embedder.EclipseLogger - Using 'UTF-8' encoding to copy filtered resources.
2021-03-02 01:48:25,066 [Worker-34: Building] INFO  o.e.m.c.i.embedder.EclipseLogger - Using 'UTF-8' encoding to copy filtered properties files.
2021-03-02 01:48:25,066 [Worker-34: Building] INFO  o.e.m.c.i.embedder.EclipseLogger - skip non existing resourceDirectory D:\gerar\Documents\1 Escuela\6 Semestre Feb-Jun 2021\4 Pruebas de Software\Lab 3\usingMocks\src\test\resources
2021-03-02 01:48:41,410 [Worker-36: Building] INFO  o.e.m.c.i.embedder.EclipseLogger - Using 'UTF-8' encoding to copy filtered resources.
2021-03-02 01:48:41,410 [Worker-36: Building] INFO  o.e.m.c.i.embedder.EclipseLogger - Using 'UTF-8' encoding to copy filtered properties files.
2021-03-02 01:48:41,410 [Worker-36: Building] INFO  o.e.m.c.i.embedder.EclipseLogger - Copying 0 resource
2021-03-02 01:48:41,410 [Worker-36: Building] INFO  o.e.m.c.i.embedder.EclipseLogger - Copying 0 resource
2021-03-02 01:48:41,411 [Worker-36: Building] INFO  o.e.m.c.i.embedder.EclipseLogger - Using 'UTF-8' encoding to copy filtered resources.
2021-03-02 01:48:41,411 [Worker-36: Building] INFO  o.e.m.c.i.embedder.EclipseLogger - Using 'UTF-8' encoding to copy filtered properties files.
2021-03-02 01:48:41,411 [Worker-36: Building] INFO  o.e.m.c.i.embedder.EclipseLogger - skip non existing resourceDirectory D:\gerar\Documents\1 Escuela\6 Semestre Feb-Jun 2021\4 Pruebas de Software\Lab 3\usingMocks\src\test\resources
2021-03-02 01:48:59,927 [Worker-34: Building] INFO  o.e.m.c.i.embedder.EclipseLogger - Using 'UTF-8' encoding to copy filtered resources.
2021-03-02 01:48:59,928 [Worker-34: Building] INFO  o.e.m.c.i.embedder.EclipseLogger - Using 'UTF-8' encoding to copy filtered properties files.
2021-03-02 01:48:59,928 [Worker-34: Building] INFO  o.e.m.c.i.embedder.EclipseLogger - Copying 0 resource
2021-03-02 01:48:59,928 [Worker-34: Building] INFO  o.e.m.c.i.embedder.EclipseLogger - Copying 0 resource
2021-03-02 01:48:59,929 [Worker-34: Building] INFO  o.e.m.c.i.embedder.EclipseLogger - Using 'UTF-8' encoding to copy filtered resources.
2021-03-02 01:48:59,929 [Worker-34: Building] INFO  o.e.m.c.i.embedder.EclipseLogger - Using 'UTF-8' encoding to copy filtered properties files.
2021-03-02 01:48:59,929 [Worker-34: Building] INFO  o.e.m.c.i.embedder.EclipseLogger - skip non existing resourceDirectory D:\gerar\Documents\1 Escuela\6 Semestre Feb-Jun 2021\4 Pruebas de Software\Lab 3\usingMocks\src\test\resources
2021-03-02 11:32:27,456 [Worker-1: Loading available Gradle versions] INFO  o.e.b.c.i.u.g.PublishedGradleVersions - Gradle version information cache is up-to-date. Trying to read.
2021-03-02 11:38:03,125 [Worker-10: Launching Executing test in D__gerar_Documents_1 Escuela_6 Semestre Feb-Jun 2021_4 Pruebas de Software_Lab 3_usingMocks] INFO  o.e.m.i.launch.MavenLaunchDelegate - D:\gerar\Documents\1 Escuela\6 Semestre Feb-Jun 2021\4 Pruebas de Software\Lab 3\usingMocks
2021-03-02 11:38:03,126 [Worker-10: Launching Executing test in D__gerar_Documents_1 Escuela_6 Semestre Feb-Jun 2021_4 Pruebas de Software_Lab 3_usingMocks] INFO  o.e.m.i.launch.MavenLaunchDelegate -  mvn -Ppom.xml -B test -Dstyle.color=always
2021-03-02 11:38:12,594 [Worker-7: Building] INFO  o.e.m.c.i.embedder.EclipseLogger - Using 'UTF-8' encoding to copy filtered resources.
2021-03-02 11:38:12,595 [Worker-7: Building] INFO  o.e.m.c.i.embedder.EclipseLogger - Using 'UTF-8' encoding to copy filtered properties files.
2021-03-02 11:38:12,600 [Worker-7: Building] INFO  o.e.m.c.i.embedder.EclipseLogger - Copying 1 resource
2021-03-02 11:38:12,611 [Worker-7: Building] INFO  o.e.m.c.i.embedder.EclipseLogger - Copying 0 resource
2021-03-02 11:38:12,613 [Worker-7: Building] INFO  o.e.m.c.i.embedder.EclipseLogger - Using 'UTF-8' encoding to copy filtered resources.
2021-03-02 11:38:12,613 [Worker-7: Building] INFO  o.e.m.c.i.embedder.EclipseLogger - Using 'UTF-8' encoding to copy filtered properties files.
2021-03-02 11:38:12,613 [Worker-7: Building] INFO  o.e.m.c.i.embedder.EclipseLogger - skip non existing resourceDirectory D:\gerar\Documents\1 Escuela\6 Semestre Feb-Jun 2021\4 Pruebas de Software\Lab 3\usingMocks\src\test\resources
2021-03-02 11:45:59,501 [Worker-12: Building] INFO  o.e.m.c.i.embedder.EclipseLogger - Using 'UTF-8' encoding to copy filtered resources.
2021-03-02 11:45:59,501 [Worker-12: Building] INFO  o.e.m.c.i.embedder.EclipseLogger - Using 'UTF-8' encoding to copy filtered properties files.
2021-03-02 11:45:59,503 [Worker-12: Building] INFO  o.e.m.c.i.embedder.EclipseLogger - Copying 1 resource
2021-03-02 11:45:59,514 [Worker-12: Building] INFO  o.e.m.c.i.embedder.EclipseLogger - Copying 0 resource
2021-03-02 11:45:59,516 [Worker-12: Building] INFO  o.e.m.c.i.embedder.EclipseLogger - Using 'UTF-8' encoding to copy filtered resources.
2021-03-02 11:45:59,516 [Worker-12: Building] INFO  o.e.m.c.i.embedder.EclipseLogger - Using 'UTF-8' encoding to copy filtered properties files.
2021-03-02 11:45:59,516 [Worker-12: Building] INFO  o.e.m.c.i.embedder.EclipseLogger - skip non existing resourceDirectory D:\gerar\Documents\1 Escuela\6 Semestre Feb-Jun 2021\4 Pruebas de Software\Lab 3\usingMocks\src\test\resources
2021-03-02 12:08:01,613 [Worker-17: Building] INFO  o.e.m.c.i.embedder.EclipseLogger - Using 'UTF-8' encoding to copy filtered resources.
2021-03-02 12:08:01,613 [Worker-17: Building] INFO  o.e.m.c.i.embedder.EclipseLogger - Using 'UTF-8' encoding to copy filtered properties files.
2021-03-02 12:08:01,613 [Worker-17: Building] INFO  o.e.m.c.i.embedder.EclipseLogger - Copying 1 resource
2021-03-02 12:08:01,633 [Worker-17: Building] INFO  o.e.m.c.i.embedder.EclipseLogger - Copying 0 resource
2021-03-02 12:08:01,636 [Worker-17: Building] INFO  o.e.m.c.i.embedder.EclipseLogger - Using 'UTF-8' encoding to copy filtered resources.
2021-03-02 12:08:01,636 [Worker-17: Building] INFO  o.e.m.c.i.embedder.EclipseLogger - Using 'UTF-8' encoding to copy filtered properties files.
2021-03-02 12:08:01,636 [Worker-17: Building] INFO  o.e.m.c.i.embedder.EclipseLogger - skip non existing resourceDirectory D:\gerar\Documents\1 Escuela\6 Semestre Feb-Jun 2021\4 Pruebas de Software\Lab 3\usingMocks\src\test\resources
2021-03-02 12:08:49,284 [Worker-17: Building] INFO  o.e.m.c.i.embedder.EclipseLogger - Using 'UTF-8' encoding to copy filtered resources.
2021-03-02 12:08:49,285 [Worker-17: Building] INFO  o.e.m.c.i.embedder.EclipseLogger - Using 'UTF-8' encoding to copy filtered properties files.
2021-03-02 12:08:49,285 [Worker-17: Building] INFO  o.e.m.c.i.embedder.EclipseLogger - Copying 0 resource
2021-03-02 12:08:49,285 [Worker-17: Building] INFO  o.e.m.c.i.embedder.EclipseLogger - Copying 0 resource
2021-03-02 12:08:49,285 [Worker-17: Building] INFO  o.e.m.c.i.embedder.EclipseLogger - Using 'UTF-8' encoding to copy filtered resources.
2021-03-02 12:08:49,286 [Worker-17: Building] INFO  o.e.m.c.i.embedder.EclipseLogger - Using 'UTF-8' encoding to copy filtered properties files.
2021-03-02 12:08:49,286 [Worker-17: Building] INFO  o.e.m.c.i.embedder.EclipseLogger - skip non existing resourceDirectory D:\gerar\Documents\1 Escuela\6 Semestre Feb-Jun 2021\4 Pruebas de Software\Lab 3\usingMocks\src\test\resources
2021-03-02 12:17:50,235 [Worker-21: Building] INFO  o.e.m.c.i.embedder.EclipseLogger - Using 'UTF-8' encoding to copy filtered resources.
2021-03-02 12:17:50,236 [Worker-21: Building] INFO  o.e.m.c.i.embedder.EclipseLogger - Using 'UTF-8' encoding to copy filtered properties files.
2021-03-02 12:17:50,236 [Worker-21: Building] INFO  o.e.m.c.i.embedder.EclipseLogger - Copying 0 resource
2021-03-02 12:17:50,236 [Worker-21: Building] INFO  o.e.m.c.i.embedder.EclipseLogger - Copying 0 resource
2021-03-02 12:17:50,237 [Worker-21: Building] INFO  o.e.m.c.i.embedder.EclipseLogger - Using 'UTF-8' encoding to copy filtered resources.
2021-03-02 12:17:50,237 [Worker-21: Building] INFO  o.e.m.c.i.embedder.EclipseLogger - Using 'UTF-8' encoding to copy filtered properties files.
2021-03-02 12:17:50,237 [Worker-21: Building] INFO  o.e.m.c.i.embedder.EclipseLogger - skip non existing resourceDirectory D:\gerar\Documents\1 Escuela\6 Semestre Feb-Jun 2021\4 Pruebas de Software\Lab 3\usingMocks\src\test\resources
2021-03-02 12:18:02,578 [Worker-21: Building] INFO  o.e.m.c.i.embedder.EclipseLogger - Using 'UTF-8' encoding to copy filtered resources.
2021-03-02 12:18:02,578 [Worker-21: Building] INFO  o.e.m.c.i.embedder.EclipseLogger - Using 'UTF-8' encoding to copy filtered properties files.
2021-03-02 12:18:02,579 [Worker-21: Building] INFO  o.e.m.c.i.embedder.EclipseLogger - Copying 1 resource
2021-03-02 12:18:02,591 [Worker-21: Building] INFO  o.e.m.c.i.embedder.EclipseLogger - Copying 0 resource
2021-03-02 12:18:02,593 [Worker-21: Building] INFO  o.e.m.c.i.embedder.EclipseLogger - Using 'UTF-8' encoding to copy filtered resources.
2021-03-02 12:18:02,593 [Worker-21: Building] INFO  o.e.m.c.i.embedder.EclipseLogger - Using 'UTF-8' encoding to copy filtered properties files.
2021-03-02 12:18:02,593 [Worker-21: Building] INFO  o.e.m.c.i.embedder.EclipseLogger - skip non existing resourceDirectory D:\gerar\Documents\1 Escuela\6 Semestre Feb-Jun 2021\4 Pruebas de Software\Lab 3\usingMocks\src\test\resources
